Arguments: 
  C:\Program Files\nodejs\node.exe C:\Users\Rajib\AppData\Roaming\npm\node_modules\yarn\bin\yarn.js add firebase-admin --save

PATH: 
  C:\WINDOWS\system32;C:\WINDOWS;C:\WINDOWS\System32\Wbem;C:\WINDOWS\System32\WindowsPowerShell\v1.0\;C:\WINDOWS\System32\OpenSSH\;C:\Program Files\nodejs\;C:\ProgramData\chocolatey\bin;C:\Program Files\Git\cmd;C:\Users\Rajib\AppData\Local\Microsoft\WindowsApps;;C:\Users\Rajib\AppData\Local\Programs\Microsoft VS Code\bin;C:\Users\Rajib\AppData\Local\Programs\Hyper\resources\bin;C:\Users\Rajib\AppData\Roaming\npm;C:\Program Files\heroku\bin

Yarn version: 
  1.22.17

Node version: 
  16.13.1

Platform: 
  win32 x64

Trace: 
  Error: getaddrinfo ENOTFOUND registry.npmjs.org
      at GetAddrInfoReqWrap.onlookup [as oncomplete] (node:dns:71:26)

npm manifest: 
  {
    "name": "doctors-portal-server",
    "version": "1.0.0",
    "description": "",
    "main": "index.js",
    "scripts": {
      "start": "node index.js",
      "start-dev": "nodemon index.js",
      "test": "echo \"Error: no test specified\" && exit 1"
    },
    "keywords": [],
    "author": "",
    "license": "ISC",
    "dependencies": {
      "cors": "^2.8.5",
      "dotenv": "^16.0.0",
      "express": "^4.17.3",
      "mongodb": "^4.6.0"
    }
  }

yarn manifest: 
  No manifest

Lockfile: 
  No lockfile
